<?xml version="1.0" encoding="UTF-8"?>
<testng-results skipped="0" failed="0" ignored="0" total="1" passed="1">
  <reporter-output>
  </reporter-output>
  <suite name="Default suite" duration-ms="49391" started-at="2020-02-05T17:46:55 CET" finished-at="2020-02-05T17:47:44 CET">
    <groups>
      <group name="cucumber">
        <method signature="AbstractTestNGCucumberTests.feature(cucumber.api.testng.CucumberFeatureWrapper)[pri:0, instance:runner.PositiveTest@1176dcec]" name="feature" class="cucumber.api.testng.AbstractTestNGCucumberTests"/>
      </group> <!-- cucumber -->
    </groups>
    <test name="Default test" duration-ms="49391" started-at="2020-02-05T17:46:55 CET" finished-at="2020-02-05T17:47:44 CET">
      <class name="runner.PositiveTest">
        <test-method status="PASS" signature="setUpClass()[pri:0, instance:runner.PositiveTest@1176dcec]" name="setUpClass" is-config="true" duration-ms="278" started-at="2020-02-05T17:46:55 CET" finished-at="2020-02-05T17:46:55 CET">
          <reporter-output>
          </reporter-output>
        </test-method> <!-- setUpClass -->
        <test-method status="PASS" signature="setup()[pri:0, instance:runner.PositiveTest@1176dcec]" name="setup" is-config="true" duration-ms="168" started-at="2020-02-05T17:46:55 CET" finished-at="2020-02-05T17:46:56 CET">
          <reporter-output>
          </reporter-output>
        </test-method> <!-- setup -->
        <test-method status="PASS" signature="feature(cucumber.api.testng.CucumberFeatureWrapper)[pri:0, instance:runner.PositiveTest@1176dcec]" name="feature" duration-ms="48741" started-at="2020-02-05T17:46:56 CET" description="Runs Cucumber Feature" data-provider="features" finished-at="2020-02-05T17:47:44 CET">
          <params>
            <param index="0">
              <value>
                <![CDATA[Acceptance testing to validate Search Cars Page is working.]]>
              </value>
            </param>
          </params>
          <reporter-output>
          </reporter-output>
        </test-method> <!-- feature -->
        <test-method status="PASS" signature="tearDownClass()[pri:0, instance:runner.PositiveTest@1176dcec]" name="tearDownClass" is-config="true" duration-ms="73" started-at="2020-02-05T17:47:44 CET" finished-at="2020-02-05T17:47:44 CET">
          <reporter-output>
          </reporter-output>
        </test-method> <!-- tearDownClass -->
      </class> <!-- runner.PositiveTest -->
    </test> <!-- Default test -->
  </suite> <!-- Default suite -->
</testng-results>
